/*C3*/SET SCHEMA PUBLIC
DISCONNECT
/*C5*/SET SCHEMA FACTURACION
DELETE FROM DOCUMENTOCOMERCIAL WHERE OID='4028818783b8b0220183b8b9a8460002'
INSERT INTO DOCUMENTOCOMERCIAL VALUES('Factura','4028818783b8b0220183b8b9a8460002',2022,'2022-10-08',2,'',88,NULL,0.00,0.00,21)
COMMIT
DELETE FROM DOCUMENTOCOMERCIAL WHERE OID='4028818783b8b0220183b8b6e52c0000'
INSERT INTO DOCUMENTOCOMERCIAL VALUES('Factura','4028818783b8b0220183b8b6e52c0000',2022,'2022-10-08',1,'',88,NULL,0.00,0.00,21)
COMMIT
DELETE FROM DOCUMENTOCOMERCIAL WHERE OID='4028818783b8b0220183b8b6e52c0000'
INSERT INTO DOCUMENTOCOMERCIAL VALUES('Factura','4028818783b8b0220183b8b6e52c0000',2022,'2022-10-08',1,'',88,NULL,48.40,8.40,21)
COMMIT
INSERT INTO DOCUMENTOCOMERCIAL_DETALLES VALUES('4028818783b8b0220183b8b6e52c0000',2,15,20.00)
COMMIT
DELETE FROM DOCUMENTOCOMERCIAL WHERE OID='4028818783b8b0220183b8b9a8460002'
INSERT INTO DOCUMENTOCOMERCIAL VALUES('Factura','4028818783b8b0220183b8b9a8460002',2022,'2022-10-08',2,'',88,NULL,181.50,31.50,21)
COMMIT
DELETE FROM DOCUMENTOCOMERCIAL WHERE OID='4028818783b8b0220183b8b9a8460002'
INSERT INTO DOCUMENTOCOMERCIAL VALUES('Factura','4028818783b8b0220183b8b9a8460002',2022,'2022-10-08',2,'',88,NULL,229.90,39.90,21)
COMMIT
INSERT INTO DOCUMENTOCOMERCIAL_DETALLES VALUES('4028818783b8b0220183b8b9a8460002',3,12,50.00)
INSERT INTO DOCUMENTOCOMERCIAL_DETALLES VALUES('4028818783b8b0220183b8b9a8460002',2,15,20.00)
COMMIT
